<?xml version="1.0" encoding="UTF-8"?>
<!-- Generated by org.testng.reporters.JUnitReportReporter -->
<testsuite skipped="0" hostname="inbl01lap04326" name="parallel.ParallelRun" tests="7" failures="4" timestamp="19 May 2021 10:53:58 GMT" time="414.598" errors="0">
  <testcase name="runScenario" time="37.042" classname="parallel.ParallelRun">
    <failure type="java.lang.AssertionError">
      <![CDATA[java.lang.AssertionError
at org.junit.Assert.fail(Assert.java:87)
at org.junit.Assert.assertTrue(Assert.java:42)
at org.junit.Assert.assertTrue(Assert.java:53)
at parallel.LoginPageSteps.page_title_should_be(LoginPageSteps.java:30)
at ✽.page title should be "Login - My Store"(file:///C:/Users/dileep.kumar/Desktop/LearnGit/BDDCucucmberTestNGparallel/src/test/resources/parallel/LoginPage.feature:6)
]]>
    </failure>
  </testcase> <!-- runScenario -->
  <testcase name="runScenario" time="60.275" classname="parallel.ParallelRun">
    <failure type="java.lang.AssertionError">
      <![CDATA[java.lang.AssertionError
at org.junit.Assert.fail(Assert.java:87)
at org.junit.Assert.assertTrue(Assert.java:42)
at org.junit.Assert.assertTrue(Assert.java:53)
at parallel.LoginPageSteps.page_title_should_be(LoginPageSteps.java:30)
at ✽.page title should be "My account - My Store"(file:///C:/Users/dileep.kumar/Desktop/LearnGit/BDDCucucmberTestNGparallel/src/test/resources/parallel/Acc.feature:12)
]]>
    </failure>
  </testcase> <!-- runScenario -->
  <testcase name="runScenario" time="60.919" classname="parallel.ParallelRun"/>
  <testcase name="runScenario" time="67.976" classname="parallel.ParallelRun"/>
  <testcase name="runScenario" time="59.827" classname="parallel.ParallelRun">
    <failure type="java.lang.AssertionError">
      <![CDATA[java.lang.AssertionError
at org.junit.Assert.fail(Assert.java:87)
at org.junit.Assert.assertTrue(Assert.java:42)
at org.junit.Assert.assertTrue(Assert.java:53)
at parallel.LoginPageSteps.page_title_should_be(LoginPageSteps.java:30)
at ✽.page title should be "My account - My Store"(file:///C:/Users/dileep.kumar/Desktop/LearnGit/BDDCucucmberTestNGparallel/src/test/resources/parallel/AccountsPage.feature:12)
]]>
    </failure>
  </testcase> <!-- runScenario -->
  <testcase name="runScenario" time="68.238" classname="parallel.ParallelRun"/>
  <testcase name="runScenario" time="60.321" classname="parallel.ParallelRun">
    <failure type="java.lang.AssertionError">
      <![CDATA[java.lang.AssertionError
at org.junit.Assert.fail(Assert.java:87)
at org.junit.Assert.assertTrue(Assert.java:42)
at org.junit.Assert.assertTrue(Assert.java:53)
at parallel.AccountsPageSteps.accounts_section_count_should_be(AccountsPageSteps.java:55)
at ✽.accounts section count should be 6(file:///C:/Users/dileep.kumar/Desktop/LearnGit/BDDCucucmberTestNGparallel/src/test/resources/parallel/AccountsPage.feature:24)
]]>
    </failure>
  </testcase> <!-- runScenario -->
</testsuite> <!-- parallel.ParallelRun -->
